<?xml version="1.0" encoding="UTF-8"?>
<!-- Generated by org.testng.reporters.JUnitReportReporter -->
<testsuite skipped="0" hostname="DESKTOP-QG00M44" name="testSet.DataEntryTest" tests="3" failures="0" timestamp="2020-04-09T22:04:57 IST" time="1.871" errors="0">
  <testcase name="enterData" time="0.702" classname="testSet.DataEntryTest"/>
  <system-out/>
  <testcase name="enterData" time="0.551" classname="testSet.DataEntryTest"/>
  <system-out/>
  <testcase name="enterData" time="0.618" classname="testSet.DataEntryTest"/>
  <system-out/>
</testsuite> <!-- testSet.DataEntryTest -->
