<?xml version="1.0" encoding="UTF-8"?>
<!-- Generated by org.testng.reporters.JUnitReportReporter -->
<testsuite skipped="0" hostname="DESKTOP-QG00M44" name="testSet.DataEntryTest" tests="6" failures="0" timestamp="2020-04-05T03:44:38 IST" time="4.019" errors="0">
  <testcase name="enterData" time="0.677" classname="testSet.DataEntryTest"/>
  <system-out/>
  <testcase name="enterData" time="0.712" classname="testSet.DataEntryTest"/>
  <system-out/>
  <testcase name="enterData" time="0.819" classname="testSet.DataEntryTest"/>
  <system-out/>
  <testcase name="enterData" time="0.632" classname="testSet.DataEntryTest"/>
  <system-out/>
  <testcase name="enterData" time="0.567" classname="testSet.DataEntryTest"/>
  <system-out/>
  <testcase name="enterData" time="0.612" classname="testSet.DataEntryTest"/>
  <system-out/>
</testsuite> <!-- testSet.DataEntryTest -->
