<?xml version="1.0" encoding="UTF-8"?>
<!-- Generated by org.testng.reporters.JUnitReportReporter -->
<testsuite hostname="DESKTOP-QG00M44" failures="0" tests="6" name="testSet.DataEntryTest" time="3.793" errors="0" timestamp="2020-04-05T17:00:32 IST" skipped="0">
  <testcase classname="testSet.DataEntryTest" name="enterData" time="0.611"/>
  <system-out/>
  <testcase classname="testSet.DataEntryTest" name="enterData" time="0.604"/>
  <system-out/>
  <testcase classname="testSet.DataEntryTest" name="enterData" time="0.643"/>
  <system-out/>
  <testcase classname="testSet.DataEntryTest" name="enterData" time="0.596"/>
  <system-out/>
  <testcase classname="testSet.DataEntryTest" name="enterData" time="0.714"/>
  <system-out/>
  <testcase classname="testSet.DataEntryTest" name="enterData" time="0.625"/>
  <system-out/>
</testsuite> <!-- testSet.DataEntryTest -->
